\BOOKMARK [0][-]{section*.5}{LIST OF TABLES}{}% 1
\BOOKMARK [0][-]{section*.6}{LIST OF FIGURES}{}% 2
\BOOKMARK [0][-]{chapter.1}{INTRODUCTION}{}% 3
\BOOKMARK [1][-]{section.1.1}{What is Security?}{chapter.1}% 4
\BOOKMARK [2][-]{subsection.1.1.1}{ID Card Verification}{section.1.1}% 5
\BOOKMARK [2][-]{subsection.1.1.2}{A User-name/Password Verification}{section.1.1}% 6
\BOOKMARK [2][-]{subsection.1.1.3}{Bio-metric Authentication}{section.1.1}% 7
\BOOKMARK [1][-]{section.1.2}{Using Brain waves for Security Systems}{chapter.1}% 8
\BOOKMARK [1][-]{section.1.3}{Organization of Thesis}{chapter.1}% 9
\BOOKMARK [0][-]{chapter.2}{BACKGROUND}{}% 10
\BOOKMARK [1][-]{section.2.1}{Human Brain}{chapter.2}% 11
\BOOKMARK [2][-]{subsection.2.1.1}{Brain Stem}{section.2.1}% 12
\BOOKMARK [2][-]{subsection.2.1.2}{Cerebellum}{section.2.1}% 13
\BOOKMARK [2][-]{subsection.2.1.3}{Cerebrum}{section.2.1}% 14
\BOOKMARK [1][-]{section.2.2}{Electroencephalography \(EEG\)}{chapter.2}% 15
\BOOKMARK [1][-]{section.2.3}{Pattern Recognition}{chapter.2}% 16
\BOOKMARK [1][-]{section.2.4}{Electroencephalography Sensors}{chapter.2}% 17
\BOOKMARK [1][-]{section.2.5}{Raw EEG Data}{chapter.2}% 18
\BOOKMARK [1][-]{section.2.6}{EEG Frequency Bands}{chapter.2}% 19
\BOOKMARK [2][-]{subsection.2.6.1}{Delta}{section.2.6}% 20
\BOOKMARK [2][-]{subsection.2.6.2}{Theta}{section.2.6}% 21
\BOOKMARK [2][-]{subsection.2.6.3}{Alpha}{section.2.6}% 22
\BOOKMARK [2][-]{subsection.2.6.4}{Beta}{section.2.6}% 23
\BOOKMARK [2][-]{subsection.2.6.5}{Gamma}{section.2.6}% 24
\BOOKMARK [1][-]{section.2.7}{Commercial EEG sensors}{chapter.2}% 25
\BOOKMARK [2][-]{subsection.2.7.1}{Mindwave Mobile}{section.2.7}% 26
\BOOKMARK [1][-]{section.2.8}{Feature Extraction}{chapter.2}% 27
\BOOKMARK [2][-]{subsection.2.8.1}{Fast Fourier Transforms\(FFT\)}{section.2.8}% 28
\BOOKMARK [1][-]{section.2.9}{Classifier}{chapter.2}% 29
\BOOKMARK [2][-]{subsection.2.9.1}{Mahalanobis Distance}{section.2.9}% 30
\BOOKMARK [2][-]{subsection.2.9.2}{Artificial Neural Networks\(ANN\)}{section.2.9}% 31
\BOOKMARK [2][-]{subsection.2.9.3}{Support Vector Machines \(SVM\)}{section.2.9}% 32
\BOOKMARK [1][-]{section.2.10}{Conclusion}{chapter.2}% 33
\BOOKMARK [0][-]{chapter.3}{METHODOLOGY}{}% 34
\BOOKMARK [1][-]{section.3.1}{Pre-Processing}{chapter.3}% 35
\BOOKMARK [1][-]{section.3.2}{Feature Extraction}{chapter.3}% 36
\BOOKMARK [1][-]{section.3.3}{Classifiers}{chapter.3}% 37
\BOOKMARK [2][-]{subsection.3.3.1}{Mahalanobis Distance}{section.3.3}% 38
\BOOKMARK [2][-]{subsection.3.3.2}{Artificial Neural Networks}{section.3.3}% 39
\BOOKMARK [2][-]{subsection.3.3.3}{Support Vector Machines \(SVMs\)}{section.3.3}% 40
\BOOKMARK [1][-]{section.3.4}{Conclusion}{chapter.3}% 41
\BOOKMARK [0][-]{chapter.4}{RESULTS}{}% 42
\BOOKMARK [1][-]{section.4.1}{Measuring Performance}{chapter.4}% 43
\BOOKMARK [1][-]{section.4.2}{Similarity in EEG signals}{chapter.4}% 44
\BOOKMARK [1][-]{section.4.3}{Classifier Performance}{chapter.4}% 45
\BOOKMARK [2][-]{subsection.4.3.1}{Intra-subject Classification}{section.4.3}% 46
\BOOKMARK [2][-]{subsection.4.3.2}{Inter-Subject Classification}{section.4.3}% 47
\BOOKMARK [0][-]{chapter.5}{DISCUSSION}{}% 48
\BOOKMARK [1][-]{section.5.1}{Classifiers}{chapter.5}% 49
\BOOKMARK [1][-]{section.5.2}{Intra-Subject Vs Inter-Subject}{chapter.5}% 50
\BOOKMARK [1][-]{section.5.3}{Tasks}{chapter.5}% 51
\BOOKMARK [1][-]{section.5.4}{Number of classes}{chapter.5}% 52
\BOOKMARK [0][-]{figure.caption.72}{Bibliography}{}% 53
\BOOKMARK [0][-]{chapter*.74}{APPENDICES}{}% 54
\BOOKMARK [0][-]{appendix.A}{Matlab Code}{}% 55
\BOOKMARK [0][-]{appendix.B}{Python Code}{}% 56
